<?xml version="1.0" encoding="UTF-8"?>
<!-- Generated by org.testng.reporters.JUnitReportReporter -->
<testsuite hostname="DESKTOP-BHBLJS8" failures="0" tests="1" name="maven.Class1" time="3.649" errors="0" timestamp="2023-01-07T16:46:18 IST" skipped="0">
  <testcase classname="maven.Class1" name="setup" time="3.649"/>
  <system-out/>
</testsuite> <!-- maven.Class1 -->
